app/build/intermediates/manifest_merge_blame_file/release/manifest-merger-blame-release-report.txt
1<?xml version="1.0" encoding="utf-8"?>
2<manifest xmlns:android="http://schemas.android.com/apk/res/android"
3    package="com.testdemo.sample"
4    android:versionCode="1"
5    android:versionName="1.0" >
6
7    <uses-sdk
8        android:minSdkVersion="24"
8-->src/main/AndroidManifest.xml
9        android:targetSdkVersion="33" />
9-->src/main/AndroidManifest.xml
10
11    <uses-permission android:name="android.permission.ACCESS_WIFI_STATE" />
11-->src/main/AndroidManifest.xml:5:5-75
11-->src/main/AndroidManifest.xml:5:22-73
12    <uses-permission android:name="android.permission.ACCESS_NETWORK_STATE" />
12-->src/main/AndroidManifest.xml:6:5-78
12-->src/main/AndroidManifest.xml:6:22-76
13    <uses-permission android:name="android.permission.INTERNET" />
13-->src/main/AndroidManifest.xml:7:5-66
13-->src/main/AndroidManifest.xml:7:22-64
14    <uses-permission android:name="com.google.android.gms.permission.AD_ID" />
14-->src/main/AndroidManifest.xml:8:5-79
14-->src/main/AndroidManifest.xml:8:22-76
15
16    <!-- Create a unique permission for your app and use it so only your app can receive your OneSignal messages. -->
17    <permission
17-->[com.onesignal:OneSignal:4.8.6] AndroidManifest.xml:7:5-9:47
18        android:name="com.testdemo.sample.permission.C2D_MESSAGE"
18-->[com.onesignal:OneSignal:4.8.6] AndroidManifest.xml:8:9-63
19        android:protectionLevel="signature" />
19-->[com.onesignal:OneSignal:4.8.6] AndroidManifest.xml:9:9-44
20
21    <uses-permission android:name="com.testdemo.sample.permission.C2D_MESSAGE" /> <!-- OneSignal SDK has runtime checks Android version. -->
21-->[com.onesignal:OneSignal:4.8.6] AndroidManifest.xml:11:5-79
21-->[com.onesignal:OneSignal:4.8.6] AndroidManifest.xml:11:22-76
22    <!-- <uses-sdk tools:overrideLibrary="android.support.customtabs"/> -->
23    <!-- Required runtime permission to display notifications on Android 13 -->
24    <uses-permission android:name="android.permission.POST_NOTIFICATIONS" /> <!-- c2dm RECEIVE are basic requirements for push messages through Google's FCM -->
24-->[com.onesignal:OneSignal:4.8.6] AndroidManifest.xml:16:5-77
24-->[com.onesignal:OneSignal:4.8.6] AndroidManifest.xml:16:22-74
25    <uses-permission android:name="com.google.android.c2dm.permission.RECEIVE" /> <!-- Required, makes sure notifications are delivered on time. -->
25-->[com.onesignal:OneSignal:4.8.6] AndroidManifest.xml:18:5-82
25-->[com.onesignal:OneSignal:4.8.6] AndroidManifest.xml:18:22-79
26    <uses-permission android:name="android.permission.WAKE_LOCK" />
26-->[com.onesignal:OneSignal:4.8.6] AndroidManifest.xml:19:5-68
26-->[com.onesignal:OneSignal:4.8.6] AndroidManifest.xml:19:22-65
27    <!--
28 Required so the device vibrates on receiving a push notification.
29         Vibration settings of the device still apply.
30    -->
31    <uses-permission android:name="android.permission.VIBRATE" />
31-->[com.onesignal:OneSignal:4.8.6] AndroidManifest.xml:24:5-66
31-->[com.onesignal:OneSignal:4.8.6] AndroidManifest.xml:24:22-63
32    <!--
33 Use to restore notifications the user hasn't interacted with.
34         They could be missed notifications if the user reboots their device if this isn't in place.
35    -->
36    <uses-permission android:name="android.permission.RECEIVE_BOOT_COMPLETED" /> <!-- START: ShortcutBadger -->
36-->[com.onesignal:OneSignal:4.8.6] AndroidManifest.xml:30:5-81
36-->[com.onesignal:OneSignal:4.8.6] AndroidManifest.xml:30:22-78
37    <!-- Samsung -->
38    <uses-permission android:name="com.sec.android.provider.badge.permission.READ" />
38-->[com.onesignal:OneSignal:4.8.6] AndroidManifest.xml:32:5-86
38-->[com.onesignal:OneSignal:4.8.6] AndroidManifest.xml:32:22-83
39    <uses-permission android:name="com.sec.android.provider.badge.permission.WRITE" /> <!-- HTC -->
39-->[com.onesignal:OneSignal:4.8.6] AndroidManifest.xml:33:5-87
39-->[com.onesignal:OneSignal:4.8.6] AndroidManifest.xml:33:22-84
40    <uses-permission android:name="com.htc.launcher.permission.READ_SETTINGS" />
40-->[com.onesignal:OneSignal:4.8.6] AndroidManifest.xml:34:5-81
40-->[com.onesignal:OneSignal:4.8.6] AndroidManifest.xml:34:22-78
41    <uses-permission android:name="com.htc.launcher.permission.UPDATE_SHORTCUT" /> <!-- Sony -->
41-->[com.onesignal:OneSignal:4.8.6] AndroidManifest.xml:35:5-83
41-->[com.onesignal:OneSignal:4.8.6] AndroidManifest.xml:35:22-80
42    <uses-permission android:name="com.sonyericsson.home.permission.BROADCAST_BADGE" />
42-->[com.onesignal:OneSignal:4.8.6] AndroidManifest.xml:36:5-88
42-->[com.onesignal:OneSignal:4.8.6] AndroidManifest.xml:36:22-85
43    <uses-permission android:name="com.sonymobile.home.permission.PROVIDER_INSERT_BADGE" /> <!-- Apex -->
43-->[com.onesignal:OneSignal:4.8.6] AndroidManifest.xml:37:5-92
43-->[com.onesignal:OneSignal:4.8.6] AndroidManifest.xml:37:22-89
44    <uses-permission android:name="com.anddoes.launcher.permission.UPDATE_COUNT" /> <!-- Solid -->
44-->[com.onesignal:OneSignal:4.8.6] AndroidManifest.xml:38:5-84
44-->[com.onesignal:OneSignal:4.8.6] AndroidManifest.xml:38:22-81
45    <uses-permission android:name="com.majeur.launcher.permission.UPDATE_BADGE" /> <!-- Huawei -->
45-->[com.onesignal:OneSignal:4.8.6] AndroidManifest.xml:39:5-83
45-->[com.onesignal:OneSignal:4.8.6] AndroidManifest.xml:39:22-80
46    <uses-permission android:name="com.huawei.android.launcher.permission.CHANGE_BADGE" />
46-->[com.onesignal:OneSignal:4.8.6] AndroidManifest.xml:40:5-91
46-->[com.onesignal:OneSignal:4.8.6] AndroidManifest.xml:40:22-88
47    <uses-permission android:name="com.huawei.android.launcher.permission.READ_SETTINGS" />
47-->[com.onesignal:OneSignal:4.8.6] AndroidManifest.xml:41:5-92
47-->[com.onesignal:OneSignal:4.8.6] AndroidManifest.xml:41:22-89
48    <uses-permission android:name="com.huawei.android.launcher.permission.WRITE_SETTINGS" /> <!-- ZUK -->
48-->[com.onesignal:OneSignal:4.8.6] AndroidManifest.xml:42:5-93
48-->[com.onesignal:OneSignal:4.8.6] AndroidManifest.xml:42:22-90
49    <uses-permission android:name="android.permission.READ_APP_BADGE" /> <!-- OPPO -->
49-->[com.onesignal:OneSignal:4.8.6] AndroidManifest.xml:43:5-73
49-->[com.onesignal:OneSignal:4.8.6] AndroidManifest.xml:43:22-70
50    <uses-permission android:name="com.oppo.launcher.permission.READ_SETTINGS" />
50-->[com.onesignal:OneSignal:4.8.6] AndroidManifest.xml:44:5-82
50-->[com.onesignal:OneSignal:4.8.6] AndroidManifest.xml:44:22-79
51    <uses-permission android:name="com.oppo.launcher.permission.WRITE_SETTINGS" /> <!-- EvMe -->
51-->[com.onesignal:OneSignal:4.8.6] AndroidManifest.xml:45:5-83
51-->[com.onesignal:OneSignal:4.8.6] AndroidManifest.xml:45:22-80
52    <uses-permission android:name="me.everything.badger.permission.BADGE_COUNT_READ" />
52-->[com.onesignal:OneSignal:4.8.6] AndroidManifest.xml:46:5-88
52-->[com.onesignal:OneSignal:4.8.6] AndroidManifest.xml:46:22-85
53    <uses-permission android:name="me.everything.badger.permission.BADGE_COUNT_WRITE" />
53-->[com.onesignal:OneSignal:4.8.6] AndroidManifest.xml:47:5-89
53-->[com.onesignal:OneSignal:4.8.6] AndroidManifest.xml:47:22-86
54
55    <queries>
55-->[com.applovin:applovin-sdk:11.11.3] AndroidManifest.xml:9:5-13:15
56        <intent>
56-->[com.applovin:applovin-sdk:11.11.3] AndroidManifest.xml:10:9-12:18
57            <action android:name="com.applovin.am.intent.action.APPHUB_SERVICE" />
57-->[com.applovin:applovin-sdk:11.11.3] AndroidManifest.xml:11:13-83
57-->[com.applovin:applovin-sdk:11.11.3] AndroidManifest.xml:11:21-80
58        </intent>
59        <intent>
59-->[com.appsflyer:af-android-sdk:6.12.1] AndroidManifest.xml:12:9-14:18
60            <action android:name="com.appsflyer.referrer.INSTALL_PROVIDER" />
60-->[com.appsflyer:af-android-sdk:6.12.1] AndroidManifest.xml:13:13-78
60-->[com.appsflyer:af-android-sdk:6.12.1] AndroidManifest.xml:13:21-75
61        </intent>
62
63        <package android:name="com.xiaomi.mipicks" />
63-->[com.miui.referrer:homereferrer:1.0.0.6] AndroidManifest.xml:10:9-54
63-->[com.miui.referrer:homereferrer:1.0.0.6] AndroidManifest.xml:10:18-51
64        <package android:name="com.facebook.katana" />
64-->[com.facebook.android:audience-network-sdk:6.16.0] AndroidManifest.xml:12:9-55
64-->[com.facebook.android:audience-network-sdk:6.16.0] AndroidManifest.xml:12:18-52
65
66        <intent>
66-->[com.pangle.global:ads-sdk:5.4.1.1] AndroidManifest.xml:15:9-21:18
67            <action android:name="android.intent.action.VIEW" />
67-->src/main/AndroidManifest.xml:32:17-69
67-->src/main/AndroidManifest.xml:32:25-66
68
69            <category android:name="android.intent.category.BROWSABLE" />
69-->src/main/AndroidManifest.xml:35:17-78
69-->src/main/AndroidManifest.xml:35:27-75
70
71            <data android:scheme="https" />
71-->src/main/AndroidManifest.xml:37:17-39:46
71-->src/main/AndroidManifest.xml:39:21-43
72        </intent>
73    </queries>
74
75    <uses-permission android:name="com.applovin.array.apphub.permission.BIND_APPHUB_SERVICE" />
75-->[com.applovin:applovin-sdk:11.11.3] AndroidManifest.xml:18:5-96
75-->[com.applovin:applovin-sdk:11.11.3] AndroidManifest.xml:18:22-93
76    <uses-permission android:name="com.google.android.finsky.permission.BIND_GET_INSTALL_REFERRER_SERVICE" />
76-->[com.google.android.gms:play-services-measurement:21.3.0] AndroidManifest.xml:26:5-110
76-->[com.google.android.gms:play-services-measurement:21.3.0] AndroidManifest.xml:26:22-107
77    <uses-permission android:name="android.permission.FOREGROUND_SERVICE" />
77-->[androidx.work:work-runtime:2.7.1] AndroidManifest.xml:28:5-77
77-->[androidx.work:work-runtime:2.7.1] AndroidManifest.xml:28:22-74
78
79    <permission
79-->[androidx.core:core:1.9.0] AndroidManifest.xml:22:5-24:47
80        android:name="com.testdemo.sample.DYNAMIC_RECEIVER_NOT_EXPORTED_PERMISSION"
80-->[androidx.core:core:1.9.0] AndroidManifest.xml:23:9-81
81        android:protectionLevel="signature" />
81-->[androidx.core:core:1.9.0] AndroidManifest.xml:24:9-44
82
83    <uses-permission android:name="com.testdemo.sample.DYNAMIC_RECEIVER_NOT_EXPORTED_PERMISSION" />
83-->[androidx.core:core:1.9.0] AndroidManifest.xml:26:5-97
83-->[androidx.core:core:1.9.0] AndroidManifest.xml:26:22-94
84
85    <application
85-->src/main/AndroidManifest.xml:10:5-67:19
86        android:name="com.testdemo.sample.sample_Application"
86-->src/main/AndroidManifest.xml:11:9-43
87        android:allowBackup="true"
87-->src/main/AndroidManifest.xml:12:9-35
88        android:appComponentFactory="androidx.core.app.CoreComponentFactory"
88-->[androidx.core:core:1.9.0] AndroidManifest.xml:28:18-86
89        android:extractNativeLibs="false"
90        android:fullBackupContent="@xml/appsflyer_backup_rules"
90-->[com.appsflyer:af-android-sdk:6.12.1] AndroidManifest.xml:21:18-73
91        android:hardwareAccelerated="true"
91-->src/main/AndroidManifest.xml:13:9-43
92        android:icon="@drawable/logo"
92-->src/main/AndroidManifest.xml:15:9-38
93        android:label="@string/app_name"
93-->src/main/AndroidManifest.xml:16:9-41
94        android:supportsRtl="true"
94-->src/main/AndroidManifest.xml:17:9-35
95        android:theme="@style/Theme.ManojDemp"
95-->src/main/AndroidManifest.xml:18:9-47
96        android:usesCleartextTraffic="true" >
96-->src/main/AndroidManifest.xml:14:9-44
97        <activity
97-->src/main/AndroidManifest.xml:20:9-50:20
98            android:name="com.testdemo.sample.SplashsampleActivity"
98-->src/main/AndroidManifest.xml:21:13-49
99            android:exported="true"
99-->src/main/AndroidManifest.xml:22:13-36
100            android:label="@string/app_name"
100-->src/main/AndroidManifest.xml:23:13-45
101            android:theme="@style/Theme.ManojDemp" >
101-->src/main/AndroidManifest.xml:24:13-51
102            <intent-filter>
102-->src/main/AndroidManifest.xml:25:13-29:29
103                <action android:name="android.intent.action.MAIN" />
103-->src/main/AndroidManifest.xml:26:17-69
103-->src/main/AndroidManifest.xml:26:25-66
104
105                <category android:name="android.intent.category.LAUNCHER" />
105-->src/main/AndroidManifest.xml:28:17-77
105-->src/main/AndroidManifest.xml:28:27-74
106            </intent-filter>
107            <intent-filter android:autoVerify="true" >
107-->src/main/AndroidManifest.xml:31:13-40:29
107-->src/main/AndroidManifest.xml:31:28-53
108                <action android:name="android.intent.action.VIEW" />
108-->src/main/AndroidManifest.xml:32:17-69
108-->src/main/AndroidManifest.xml:32:25-66
109
110                <category android:name="android.intent.category.DEFAULT" />
110-->src/main/AndroidManifest.xml:34:17-76
110-->src/main/AndroidManifest.xml:34:27-73
111                <category android:name="android.intent.category.BROWSABLE" />
111-->src/main/AndroidManifest.xml:35:17-78
111-->src/main/AndroidManifest.xml:35:27-75
112
113                <data
113-->src/main/AndroidManifest.xml:37:17-39:46
114                    android:host="sample.onelink.me"
114-->src/main/AndroidManifest.xml:38:21-53
115                    android:scheme="https" />
115-->src/main/AndroidManifest.xml:39:21-43
116            </intent-filter>
117            <intent-filter>
117-->src/main/AndroidManifest.xml:42:13-49:29
118                <action android:name="android.intent.action.VIEW" />
118-->src/main/AndroidManifest.xml:32:17-69
118-->src/main/AndroidManifest.xml:32:25-66
119
120                <category android:name="android.intent.category.DEFAULT" />
120-->src/main/AndroidManifest.xml:34:17-76
120-->src/main/AndroidManifest.xml:34:27-73
121                <category android:name="android.intent.category.BROWSABLE" />
121-->src/main/AndroidManifest.xml:35:17-78
121-->src/main/AndroidManifest.xml:35:27-75
122
123                <data android:scheme="sample://" />
123-->src/main/AndroidManifest.xml:37:17-39:46
123-->src/main/AndroidManifest.xml:39:21-43
124            </intent-filter>
125        </activity>
126        <activity android:name="com.testdemo.sample.WebsampleActivity" />
126-->src/main/AndroidManifest.xml:52:9-55
126-->src/main/AndroidManifest.xml:52:19-52
127        <activity
127-->src/main/AndroidManifest.xml:54:9-57:56
128            android:name="com.testdemo.sample.sample_Activity"
128-->src/main/AndroidManifest.xml:55:13-44
129            android:screenOrientation="portrait"
129-->src/main/AndroidManifest.xml:56:13-49
130            android:theme="@style/launcherLangTheme" />
130-->src/main/AndroidManifest.xml:57:13-53
131
132        <meta-data
132-->src/main/AndroidManifest.xml:59:9-61:118
133            android:name="applovin.sdk.key"
133-->src/main/AndroidManifest.xml:60:13-44
134            android:value="gvcyZqhgCmHnI7I-DHWLXoVhQkrqbHzcltIZAATT0RH-cWpBip16xde9wnuZq-I0CTLsqKAoe6z7U_6TdF12bx" />
134-->src/main/AndroidManifest.xml:61:13-115
135        <meta-data
135-->src/main/AndroidManifest.xml:63:9-65:69
136            android:name="com.google.android.gms.version"
136-->src/main/AndroidManifest.xml:64:13-58
137            android:value="@integer/google_play_services_version" />
137-->src/main/AndroidManifest.xml:65:13-66
138
139        <receiver
139-->[com.onesignal:OneSignal:4.8.6] AndroidManifest.xml:50:9-61:20
140            android:name="com.onesignal.FCMBroadcastReceiver"
140-->[com.onesignal:OneSignal:4.8.6] AndroidManifest.xml:51:13-62
141            android:exported="true"
141-->[com.onesignal:OneSignal:4.8.6] AndroidManifest.xml:52:13-36
142            android:permission="com.google.android.c2dm.permission.SEND" >
142-->[com.onesignal:OneSignal:4.8.6] AndroidManifest.xml:53:13-73
143
144            <!-- High priority so OneSignal payloads can be filtered from other FCM receivers -->
145            <intent-filter android:priority="999" >
145-->[com.onesignal:OneSignal:4.8.6] AndroidManifest.xml:56:13-60:29
145-->[com.onesignal:OneSignal:4.8.6] AndroidManifest.xml:56:28-50
146                <action android:name="com.google.android.c2dm.intent.RECEIVE" />
146-->[com.onesignal:OneSignal:4.8.6] AndroidManifest.xml:57:17-81
146-->[com.onesignal:OneSignal:4.8.6] AndroidManifest.xml:57:25-78
147
148                <category android:name="com.testdemo.sample" />
148-->[com.onesignal:OneSignal:4.8.6] AndroidManifest.xml:59:17-61
148-->[com.onesignal:OneSignal:4.8.6] AndroidManifest.xml:59:27-58
149            </intent-filter>
150        </receiver>
151
152        <service
152-->[com.onesignal:OneSignal:4.8.6] AndroidManifest.xml:63:9-69:19
153            android:name="com.onesignal.HmsMessageServiceOneSignal"
153-->[com.onesignal:OneSignal:4.8.6] AndroidManifest.xml:64:13-68
154            android:exported="false" >
154-->[com.onesignal:OneSignal:4.8.6] AndroidManifest.xml:65:13-37
155            <intent-filter>
155-->[com.onesignal:OneSignal:4.8.6] AndroidManifest.xml:66:13-68:29
156                <action android:name="com.huawei.push.action.MESSAGING_EVENT" />
156-->[com.onesignal:OneSignal:4.8.6] AndroidManifest.xml:67:17-81
156-->[com.onesignal:OneSignal:4.8.6] AndroidManifest.xml:67:25-78
157            </intent-filter>
158        </service>
159
160        <activity
160-->[com.onesignal:OneSignal:4.8.6] AndroidManifest.xml:71:9-79:20
161            android:name="com.onesignal.NotificationOpenedActivityHMS"
161-->[com.onesignal:OneSignal:4.8.6] AndroidManifest.xml:72:13-71
162            android:exported="true"
162-->[com.onesignal:OneSignal:4.8.6] AndroidManifest.xml:73:13-36
163            android:noHistory="true"
163-->[com.onesignal:OneSignal:4.8.6] AndroidManifest.xml:74:13-37
164            android:theme="@android:style/Theme.Translucent.NoTitleBar" >
164-->[com.onesignal:OneSignal:4.8.6] AndroidManifest.xml:75:13-72
165            <intent-filter>
165-->[com.onesignal:OneSignal:4.8.6] AndroidManifest.xml:76:13-78:29
166                <action android:name="android.intent.action.VIEW" />
166-->src/main/AndroidManifest.xml:32:17-69
166-->src/main/AndroidManifest.xml:32:25-66
167            </intent-filter>
168        </activity>
169
170        <service
170-->[com.onesignal:OneSignal:4.8.6] AndroidManifest.xml:81:9-83:40
171            android:name="com.onesignal.FCMIntentService"
171-->[com.onesignal:OneSignal:4.8.6] AndroidManifest.xml:82:13-58
172            android:exported="false" />
172-->[com.onesignal:OneSignal:4.8.6] AndroidManifest.xml:83:13-37
173        <service
173-->[com.onesignal:OneSignal:4.8.6] AndroidManifest.xml:84:9-87:72
174            android:name="com.onesignal.FCMIntentJobService"
174-->[com.onesignal:OneSignal:4.8.6] AndroidManifest.xml:85:13-61
175            android:exported="false"
175-->[com.onesignal:OneSignal:4.8.6] AndroidManifest.xml:86:13-37
176            android:permission="android.permission.BIND_JOB_SERVICE" />
176-->[com.onesignal:OneSignal:4.8.6] AndroidManifest.xml:87:13-69
177        <service
177-->[com.onesignal:OneSignal:4.8.6] AndroidManifest.xml:88:9-91:43
178            android:name="com.onesignal.SyncService"
178-->[com.onesignal:OneSignal:4.8.6] AndroidManifest.xml:89:13-53
179            android:exported="false"
179-->[com.onesignal:OneSignal:4.8.6] AndroidManifest.xml:90:13-37
180            android:stopWithTask="true" />
180-->[com.onesignal:OneSignal:4.8.6] AndroidManifest.xml:91:13-40
181        <service
181-->[com.onesignal:OneSignal:4.8.6] AndroidManifest.xml:92:9-95:72
182            android:name="com.onesignal.SyncJobService"
182-->[com.onesignal:OneSignal:4.8.6] AndroidManifest.xml:93:13-56
183            android:exported="false"
183-->[com.onesignal:OneSignal:4.8.6] AndroidManifest.xml:94:13-37
184            android:permission="android.permission.BIND_JOB_SERVICE" />
184-->[com.onesignal:OneSignal:4.8.6] AndroidManifest.xml:95:13-69
185
186        <activity
186-->[com.onesignal:OneSignal:4.8.6] AndroidManifest.xml:97:9-100:75
187            android:name="com.onesignal.PermissionsActivity"
187-->[com.onesignal:OneSignal:4.8.6] AndroidManifest.xml:98:13-61
188            android:exported="false"
188-->[com.onesignal:OneSignal:4.8.6] AndroidManifest.xml:99:13-37
189            android:theme="@android:style/Theme.Translucent.NoTitleBar" />
189-->[com.onesignal:OneSignal:4.8.6] AndroidManifest.xml:100:13-72
190
191        <receiver
191-->[com.onesignal:OneSignal:4.8.6] AndroidManifest.xml:102:9-104:39
192            android:name="com.onesignal.NotificationDismissReceiver"
192-->[com.onesignal:OneSignal:4.8.6] AndroidManifest.xml:103:13-69
193            android:exported="true" />
193-->[com.onesignal:OneSignal:4.8.6] AndroidManifest.xml:104:13-36
194        <receiver
194-->[com.onesignal:OneSignal:4.8.6] AndroidManifest.xml:105:9-112:20
195            android:name="com.onesignal.BootUpReceiver"
195-->[com.onesignal:OneSignal:4.8.6] AndroidManifest.xml:106:13-56
196            android:exported="true" >
196-->[com.onesignal:OneSignal:4.8.6] AndroidManifest.xml:107:13-36
197            <intent-filter>
197-->[com.onesignal:OneSignal:4.8.6] AndroidManifest.xml:108:13-111:29
198                <action android:name="android.intent.action.BOOT_COMPLETED" />
198-->[com.onesignal:OneSignal:4.8.6] AndroidManifest.xml:109:17-79
198-->[com.onesignal:OneSignal:4.8.6] AndroidManifest.xml:109:25-76
199                <action android:name="android.intent.action.QUICKBOOT_POWERON" />
199-->[com.onesignal:OneSignal:4.8.6] AndroidManifest.xml:110:17-82
199-->[com.onesignal:OneSignal:4.8.6] AndroidManifest.xml:110:25-79
200            </intent-filter>
201        </receiver>
202        <receiver
202-->[com.onesignal:OneSignal:4.8.6] AndroidManifest.xml:113:9-119:20
203            android:name="com.onesignal.UpgradeReceiver"
203-->[com.onesignal:OneSignal:4.8.6] AndroidManifest.xml:114:13-57
204            android:exported="true" >
204-->[com.onesignal:OneSignal:4.8.6] AndroidManifest.xml:115:13-36
205            <intent-filter>
205-->[com.onesignal:OneSignal:4.8.6] AndroidManifest.xml:116:13-118:29
206                <action android:name="android.intent.action.MY_PACKAGE_REPLACED" />
206-->[com.onesignal:OneSignal:4.8.6] AndroidManifest.xml:117:17-84
206-->[com.onesignal:OneSignal:4.8.6] AndroidManifest.xml:117:25-81
207            </intent-filter>
208        </receiver>
209
210        <activity
210-->[com.onesignal:OneSignal:4.8.6] AndroidManifest.xml:121:9-127:75
211            android:name="com.onesignal.NotificationOpenedReceiver"
211-->[com.onesignal:OneSignal:4.8.6] AndroidManifest.xml:122:13-68
212            android:excludeFromRecents="true"
212-->[com.onesignal:OneSignal:4.8.6] AndroidManifest.xml:123:13-46
213            android:exported="true"
213-->[com.onesignal:OneSignal:4.8.6] AndroidManifest.xml:124:13-36
214            android:noHistory="true"
214-->[com.onesignal:OneSignal:4.8.6] AndroidManifest.xml:125:13-37
215            android:taskAffinity=""
215-->[com.onesignal:OneSignal:4.8.6] AndroidManifest.xml:126:13-36
216            android:theme="@android:style/Theme.Translucent.NoTitleBar" />
216-->[com.onesignal:OneSignal:4.8.6] AndroidManifest.xml:127:13-72
217        <activity
217-->[com.onesignal:OneSignal:4.8.6] AndroidManifest.xml:128:9-133:75
218            android:name="com.onesignal.NotificationOpenedReceiverAndroid22AndOlder"
218-->[com.onesignal:OneSignal:4.8.6] AndroidManifest.xml:129:13-85
219            android:excludeFromRecents="true"
219-->[com.onesignal:OneSignal:4.8.6] AndroidManifest.xml:130:13-46
220            android:exported="true"
220-->[com.onesignal:OneSignal:4.8.6] AndroidManifest.xml:131:13-36
221            android:noHistory="true"
221-->[com.onesignal:OneSignal:4.8.6] AndroidManifest.xml:132:13-37
222            android:theme="@android:style/Theme.Translucent.NoTitleBar" />
222-->[com.onesignal:OneSignal:4.8.6] AndroidManifest.xml:133:13-72
223
224        <provider
224-->[com.applovin:applovin-sdk:11.11.3] AndroidManifest.xml:24:9-28:39
225            android:name="com.applovin.sdk.AppLovinInitProvider"
225-->[com.applovin:applovin-sdk:11.11.3] AndroidManifest.xml:25:13-65
226            android:authorities="com.testdemo.sample.applovininitprovider"
226-->[com.applovin:applovin-sdk:11.11.3] AndroidManifest.xml:26:13-72
227            android:exported="false"
227-->[com.applovin:applovin-sdk:11.11.3] AndroidManifest.xml:27:13-37
228            android:initOrder="101" /> <!-- Init order is 101 so we're before Firebase/Google which uses 100 -->
228-->[com.applovin:applovin-sdk:11.11.3] AndroidManifest.xml:28:13-36
229        <activity
229-->[com.applovin:applovin-sdk:11.11.3] AndroidManifest.xml:30:9-36:50
230            android:name="com.applovin.adview.AppLovinFullscreenActivity"
230-->[com.applovin:applovin-sdk:11.11.3] AndroidManifest.xml:31:13-74
231            android:configChanges="fontScale|keyboard|keyboardHidden|locale|orientation|screenLayout|screenSize|smallestScreenSize|uiMode"
231-->[com.applovin:applovin-sdk:11.11.3] AndroidManifest.xml:32:13-139
232            android:exported="false"
232-->[com.applovin:applovin-sdk:11.11.3] AndroidManifest.xml:33:13-37
233            android:hardwareAccelerated="true"
233-->[com.applovin:applovin-sdk:11.11.3] AndroidManifest.xml:34:13-47
234            android:launchMode="singleTop"
234-->[com.applovin:applovin-sdk:11.11.3] AndroidManifest.xml:35:13-43
235            android:screenOrientation="behind" />
235-->[com.applovin:applovin-sdk:11.11.3] AndroidManifest.xml:36:13-47
236        <activity
236-->[com.applovin:applovin-sdk:11.11.3] AndroidManifest.xml:37:9-44:74
237            android:name="com.applovin.adview.AppLovinFullscreenThemedActivity"
237-->[com.applovin:applovin-sdk:11.11.3] AndroidManifest.xml:38:13-80
238            android:configChanges="fontScale|keyboard|keyboardHidden|locale|orientation|screenLayout|screenSize|smallestScreenSize|uiMode"
238-->[com.applovin:applovin-sdk:11.11.3] AndroidManifest.xml:39:13-139
239            android:exported="false"
239-->[com.applovin:applovin-sdk:11.11.3] AndroidManifest.xml:40:13-37
240            android:hardwareAccelerated="true"
240-->[com.applovin:applovin-sdk:11.11.3] AndroidManifest.xml:41:13-47
241            android:launchMode="singleTop"
241-->[com.applovin:applovin-sdk:11.11.3] AndroidManifest.xml:42:13-43
242            android:screenOrientation="behind"
242-->[com.applovin:applovin-sdk:11.11.3] AndroidManifest.xml:43:13-47
243            android:theme="@android:style/Theme.NoTitleBar.Fullscreen" />
243-->[com.applovin:applovin-sdk:11.11.3] AndroidManifest.xml:44:13-71
244        <activity
244-->[com.applovin:applovin-sdk:11.11.3] AndroidManifest.xml:45:9-47:142
245            android:name="com.applovin.sdk.AppLovinWebViewActivity"
245-->[com.applovin:applovin-sdk:11.11.3] AndroidManifest.xml:46:13-68
246            android:configChanges="fontScale|keyboard|keyboardHidden|locale|orientation|screenLayout|screenSize|smallestScreenSize|uiMode" /> <!-- Hybrid Ad Activities -->
246-->[com.applovin:applovin-sdk:11.11.3] AndroidManifest.xml:47:13-139
247        <activity
247-->[com.applovin:applovin-sdk:11.11.3] AndroidManifest.xml:50:9-53:74
248            android:name="com.applovin.mediation.hybridAds.MaxHybridMRecAdActivity"
248-->[com.applovin:applovin-sdk:11.11.3] AndroidManifest.xml:51:13-84
249            android:configChanges="fontScale|keyboard|keyboardHidden|locale|orientation|screenLayout|screenSize|smallestScreenSize|uiMode"
249-->[com.applovin:applovin-sdk:11.11.3] AndroidManifest.xml:52:13-139
250            android:theme="@android:style/Theme.NoTitleBar.Fullscreen" />
250-->[com.applovin:applovin-sdk:11.11.3] AndroidManifest.xml:53:13-71
251        <activity
251-->[com.applovin:applovin-sdk:11.11.3] AndroidManifest.xml:54:9-57:74
252            android:name="com.applovin.mediation.hybridAds.MaxHybridNativeAdActivity"
252-->[com.applovin:applovin-sdk:11.11.3] AndroidManifest.xml:55:13-86
253            android:configChanges="fontScale|keyboard|keyboardHidden|locale|orientation|screenLayout|screenSize|smallestScreenSize|uiMode"
253-->[com.applovin:applovin-sdk:11.11.3] AndroidManifest.xml:56:13-139
254            android:theme="@android:style/Theme.NoTitleBar.Fullscreen" /> <!-- Mediation Debugger Activities -->
254-->[com.applovin:applovin-sdk:11.11.3] AndroidManifest.xml:57:13-71
255        <activity
255-->[com.applovin:applovin-sdk:11.11.3] AndroidManifest.xml:60:9-63:87
256            android:name="com.applovin.mediation.MaxDebuggerActivity"
256-->[com.applovin:applovin-sdk:11.11.3] AndroidManifest.xml:61:13-70
257            android:configChanges="fontScale|keyboard|keyboardHidden|locale|orientation|screenLayout|screenSize|smallestScreenSize|uiMode"
257-->[com.applovin:applovin-sdk:11.11.3] AndroidManifest.xml:62:13-139
258            android:theme="@style/com.applovin.mediation.MaxDebuggerActivity.Theme" />
258-->[com.applovin:applovin-sdk:11.11.3] AndroidManifest.xml:63:13-84
259        <activity
259-->[com.applovin:applovin-sdk:11.11.3] AndroidManifest.xml:64:9-67:87
260            android:name="com.applovin.mediation.MaxDebuggerDetailActivity"
260-->[com.applovin:applovin-sdk:11.11.3] AndroidManifest.xml:65:13-76
261            android:configChanges="fontScale|keyboard|keyboardHidden|locale|orientation|screenLayout|screenSize|smallestScreenSize|uiMode"
261-->[com.applovin:applovin-sdk:11.11.3] AndroidManifest.xml:66:13-139
262            android:theme="@style/com.applovin.mediation.MaxDebuggerActivity.Theme" />
262-->[com.applovin:applovin-sdk:11.11.3] AndroidManifest.xml:67:13-84
263        <activity
263-->[com.applovin:applovin-sdk:11.11.3] AndroidManifest.xml:68:9-71:87
264            android:name="com.applovin.mediation.MaxDebuggerMultiAdActivity"
264-->[com.applovin:applovin-sdk:11.11.3] AndroidManifest.xml:69:13-77
265            android:configChanges="fontScale|keyboard|keyboardHidden|locale|orientation|screenLayout|screenSize|smallestScreenSize|uiMode"
265-->[com.applovin:applovin-sdk:11.11.3] AndroidManifest.xml:70:13-139
266            android:theme="@style/com.applovin.mediation.MaxDebuggerActivity.Theme" />
266-->[com.applovin:applovin-sdk:11.11.3] AndroidManifest.xml:71:13-84
267        <activity